<?xml version="1.0" encoding="UTF-8"?>
<testsuite xmlns:xsi="http://www.w3.org/2001/XMLSchema-instance" xsi:noNamespaceSchemaLocation="https://maven.apache.org/surefire/maven-surefire-plugin/xsd/surefire-test-report.xsd" name="edu.udacity.java.nano.WebSocketChatApplicationTest" time="43.438" tests="4" errors="4" skipped="0" failures="0">
  <properties>
[...]
</properties>
  <testcase name="testLeave" classname="edu.udacity.java.nano.WebSocketChatApplicationTest" time="11.564">
    <error message="session not created: This version of ChromeDriver only supports Chrome version 77&#10;Build info: version: &apos;3.9.1&apos;, revision: &apos;63f7b50&apos;, time: &apos;2018-02-07T22:25:02.294Z&apos;&#10;System info: host: &apos;NISHANTY&apos;, ip: &apos;192.168.2.8&apos;, os.name: &apos;Windows 8.1&apos;, os.arch: &apos;amd64&apos;, os.version: &apos;6.3&apos;, java.version: &apos;1.8.0_181&apos;&#10;Driver info: driver.version: ChromeDriver&#10;remote stacktrace: Backtrace:&#10;	Ordinal0 [0x003DEB13+1501971]&#10;	Ordinal0 [0x0035F6D1+980689]&#10;	Ordinal0 [0x002E765F+489055]&#10;	Ordinal0 [0x0027F2F4+62196]&#10;	Ordinal0 [0x0027BCDA+48346]&#10;	Ordinal0 [0x00299800+169984]&#10;	Ordinal0 [0x0029942D+169005]&#10;	Ordinal0 [0x002978EB+162027]&#10;	Ordinal0 [0x00280AC7+68295]&#10;	Ordinal0 [0x00281B40+72512]&#10;	Ordinal0 [0x00281AD9+72409]&#10;	Ordinal0 [0x00378F37+1085239]&#10;	GetHandleVerifier [0x0047D7ED+503293]&#10;	GetHandleVerifier [0x0047D580+502672]&#10;	GetHandleVerifier [0x004846AC+531644]&#10;	GetHandleVerifier [0x0047DFFA+505354]&#10;	Ordinal0 [0x00370606+1050118]&#10;	Ordinal0 [0x0037047F+1049727]&#10;	Ordinal0 [0x0037AF9B+1093531]&#10;	Ordinal0 [0x0037B103+1093891]&#10;	Ordinal0 [0x0037A095+1089685]&#10;	BaseThreadInitThunk [0x750C7C04+36]&#10;	RtlInitializeExceptionChain [0x777AB54F+143]&#10;	RtlInitializeExceptionChain [0x777AB51A+90]&#10;" type="org.openqa.selenium.SessionNotCreatedException">org.openqa.selenium.SessionNotCreatedException: 
session not created: This version of ChromeDriver only supports Chrome version 77
Build info: version: '3.9.1', revision: '63f7b50', time: '2018-02-07T22:25:02.294Z'
System info: host: 'NISHANTY', ip: '192.168.2.8', os.name: 'Windows 8.1', os.arch: 'amd64', os.version: '6.3', java.version: '1.8.0_181'
Driver info: driver.version: ChromeDriver
remote stacktrace: Backtrace:
	Ordinal0 [0x003DEB13+1501971]
	Ordinal0 [0x0035F6D1+980689]
	Ordinal0 [0x002E765F+489055]
	Ordinal0 [0x0027F2F4+62196]
	Ordinal0 [0x0027BCDA+48346]
	Ordinal0 [0x00299800+169984]
	Ordinal0 [0x0029942D+169005]
	Ordinal0 [0x002978EB+162027]
	Ordinal0 [0x00280AC7+68295]
	Ordinal0 [0x00281B40+72512]
	Ordinal0 [0x00281AD9+72409]
	Ordinal0 [0x00378F37+1085239]
	GetHandleVerifier [0x0047D7ED+503293]
	GetHandleVerifier [0x0047D580+502672]
	GetHandleVerifier [0x004846AC+531644]
	GetHandleVerifier [0x0047DFFA+505354]
	Ordinal0 [0x00370606+1050118]
	Ordinal0 [0x0037047F+1049727]
	Ordinal0 [0x0037AF9B+1093531]
	Ordinal0 [0x0037B103+1093891]
	Ordinal0 [0x0037A095+1089685]
	BaseThreadInitThunk [0x750C7C04+36]
	RtlInitializeExceptionChain [0x777AB54F+143]
	RtlInitializeExceptionChain [0x777AB51A+90]

	at edu.udacity.java.nano.WebSocketChatApplicationTest.initialization(WebSocketChatApplicationTest.java:38)
</error>
    <system-out><![CDATA[
  .   ____          _            __ _ _
 /\\ / ___'_ __ _ _(_)_ __  __ _ \ \ \ \
( ( )\___ | '_ | '_| | '_ \/ _` | \ \ \ \
 \\/  ___)| |_)| | | | | || (_| |  ) ) ) )
  '  |____| .__|_| |_|_| |_\__, | / / / /
 =========|_|==============|___/=/_/_/_/
 :: Spring Boot ::        (v2.0.4.RELEASE)

2019-09-06 21:26:46.720  INFO 36700 --- [           main] e.u.j.nano.WebSocketChatApplicationTest  : Starting WebSocketChatApplicationTest on Nishanty with PID 36700 (started by Nishant in C:\Users\Nishant\Downloads\Compressed\starter_code)
2019-09-06 21:26:46.725  INFO 36700 --- [           main] e.u.j.nano.WebSocketChatApplicationTest  : No active profile set, falling back to default profiles: default
2019-09-06 21:26:46.963  INFO 36700 --- [           main] ConfigServletWebServerApplicationContext : Refreshing org.springframework.boot.web.servlet.context.AnnotationConfigServletWebServerApplicationContext@9816741: startup date [Fri Sep 06 21:26:46 IST 2019]; root of context hierarchy
2019-09-06 21:26:52.807  INFO 36700 --- [           main] o.s.b.w.embedded.tomcat.TomcatWebServer  : Tomcat initialized with port(s): 8080 (http)
2019-09-06 21:26:52.878  INFO 36700 --- [           main] o.apache.catalina.core.StandardService   : Starting service [Tomcat]
2019-09-06 21:26:52.879  INFO 36700 --- [           main] org.apache.catalina.core.StandardEngine  : Starting Servlet Engine: Apache Tomcat/8.5.32
2019-09-06 21:26:53.005  INFO 36700 --- [ost-startStop-1] o.a.catalina.core.AprLifecycleListener   : The APR based Apache Tomcat Native library which allows optimal performance in production environments was not found on the java.library.path: [C:\Program Files\Java\jdk1.8.0_181\jre\bin;C:\Windows\Sun\Java\bin;C:\Windows\system32;C:\Windows;C:/Program Files/Java/jre1.8.0_181/bin/server;C:/Program Files/Java/jre1.8.0_181/bin;C:/Program Files/Java/jre1.8.0_181/lib/amd64;C:\Program Files (x86)\Common Files\Oracle\Java\javapath;C:\Program Files\Broadcom\Broadcom 802.11;C:\Program Files (x86)\Intel\iCLS Client\;C:\Program Files\Intel\iCLS Client\;C:\Windows\system32;C:\Windows;C:\Windows\System32\Wbem;C:\Windows\System32\WindowsPowerShell\v1.0\;C:\Program Files\Intel\Intel(R) Management Engine Components\DAL;C:\Program Files (x86)\Intel\Intel(R) Management Engine Components\DAL;C:\Program Files\Intel\Intel(R) Management Engine Components\IPT;C:\Program Files (x86)\Intel\Intel(R) Management Engine Components\IPT;c:\Program Files (x86)\ATI Technologies\ATI.ACE\Core-Static;C:\Program Files\Hewlett-Packard\SimplePass\;C:\Users\Nishant\Downloads\apache-maven-3.6.1\bin;C:\Program Files\Git\cmd;C:\Windows\System32;;.]
2019-09-06 21:26:53.461  INFO 36700 --- [ost-startStop-1] o.a.c.c.C.[Tomcat].[localhost].[/]       : Initializing Spring embedded WebApplicationContext
2019-09-06 21:26:53.462  INFO 36700 --- [ost-startStop-1] o.s.web.context.ContextLoader            : Root WebApplicationContext: initialization completed in 6622 ms
2019-09-06 21:26:53.842  INFO 36700 --- [ost-startStop-1] o.s.b.w.servlet.ServletRegistrationBean  : Servlet dispatcherServlet mapped to [/]
2019-09-06 21:26:53.847  INFO 36700 --- [ost-startStop-1] o.s.b.w.servlet.FilterRegistrationBean   : Mapping filter: 'characterEncodingFilter' to: [/*]
2019-09-06 21:26:53.849  INFO 36700 --- [ost-startStop-1] o.s.b.w.servlet.FilterRegistrationBean   : Mapping filter: 'hiddenHttpMethodFilter' to: [/*]
2019-09-06 21:26:53.850  INFO 36700 --- [ost-startStop-1] o.s.b.w.servlet.FilterRegistrationBean   : Mapping filter: 'httpPutFormContentFilter' to: [/*]
2019-09-06 21:26:53.850  INFO 36700 --- [ost-startStop-1] o.s.b.w.servlet.FilterRegistrationBean   : Mapping filter: 'requestContextFilter' to: [/*]
2019-09-06 21:26:53.850  INFO 36700 --- [ost-startStop-1] o.s.b.w.servlet.FilterRegistrationBean   : Mapping filter: 'resourceUrlEncodingFilter' to: [/*]
2019-09-06 21:26:54.681  INFO 36700 --- [           main] o.s.w.s.handler.SimpleUrlHandlerMapping  : Mapped URL path [/**/favicon.ico] onto handler of type [class org.springframework.web.servlet.resource.ResourceHttpRequestHandler]
2019-09-06 21:26:55.983  INFO 36700 --- [           main] s.w.s.m.m.a.RequestMappingHandlerAdapter : Looking for @ControllerAdvice: org.springframework.boot.web.servlet.context.AnnotationConfigServletWebServerApplicationContext@9816741: startup date [Fri Sep 06 21:26:46 IST 2019]; root of context hierarchy
2019-09-06 21:26:56.854  INFO 36700 --- [           main] s.w.s.m.m.a.RequestMappingHandlerMapping : Mapped "{[/index],methods=[GET]}" onto public org.springframework.web.servlet.ModelAndView edu.udacity.java.nano.WebSocketChatApplication.index(java.lang.String,javax.servlet.http.HttpServletRequest) throws java.net.UnknownHostException
2019-09-06 21:26:56.864  INFO 36700 --- [           main] s.w.s.m.m.a.RequestMappingHandlerMapping : Mapped "{[/],methods=[GET]}" onto public org.springframework.web.servlet.ModelAndView edu.udacity.java.nano.WebSocketChatApplication.login()
2019-09-06 21:26:56.926  INFO 36700 --- [           main] s.w.s.m.m.a.RequestMappingHandlerMapping : Mapped "{[/error]}" onto public org.springframework.http.ResponseEntity<java.util.Map<java.lang.String, java.lang.Object>> org.springframework.boot.autoconfigure.web.servlet.error.BasicErrorController.error(javax.servlet.http.HttpServletRequest)
2019-09-06 21:26:56.936  INFO 36700 --- [           main] s.w.s.m.m.a.RequestMappingHandlerMapping : Mapped "{[/error],produces=[text/html]}" onto public org.springframework.web.servlet.ModelAndView org.springframework.boot.autoconfigure.web.servlet.error.BasicErrorController.errorHtml(javax.servlet.http.HttpServletRequest,javax.servlet.http.HttpServletResponse)
2019-09-06 21:26:57.181  INFO 36700 --- [           main] o.s.w.s.handler.SimpleUrlHandlerMapping  : Mapped URL path [/webjars/**] onto handler of type [class org.springframework.web.servlet.resource.ResourceHttpRequestHandler]
2019-09-06 21:26:57.189  INFO 36700 --- [           main] o.s.w.s.handler.SimpleUrlHandlerMapping  : Mapped URL path [/**] onto handler of type [class org.springframework.web.servlet.resource.ResourceHttpRequestHandler]
2019-09-06 21:27:01.827  INFO 36700 --- [           main] o.s.w.s.s.s.ServerEndpointExporter       : Registering @ServerEndpoint class: class edu.udacity.java.nano.chat.WebSocketChatServer
2019-09-06 21:27:02.791  INFO 36700 --- [           main] o.s.b.w.embedded.tomcat.TomcatWebServer  : Tomcat started on port(s): 8080 (http) with context path ''
2019-09-06 21:27:02.796  INFO 36700 --- [           main] e.u.j.nano.WebSocketChatApplicationTest  : Started WebSocketChatApplicationTest in 17.652 seconds (JVM running for 20.101)
]]></system-out>
    <system-err><![CDATA[Sep 06, 2019 9:26:43 PM org.springframework.boot.test.context.SpringBootTestContextBootstrapper buildDefaultMergedContextConfiguration
INFO: Neither @ContextConfiguration nor @ContextHierarchy found for test class [edu.udacity.java.nano.WebSocketChatApplicationTest], using SpringBootContextLoader
Sep 06, 2019 9:26:43 PM org.springframework.test.context.support.AbstractContextLoader generateDefaultLocations
INFO: Could not detect default resource locations for test class [edu.udacity.java.nano.WebSocketChatApplicationTest]: no resource found for suffixes {-context.xml, Context.groovy}.
Sep 06, 2019 9:26:43 PM org.springframework.test.context.support.AnnotationConfigContextLoaderUtils detectDefaultConfigurationClasses
INFO: Could not detect default configuration classes for test class [edu.udacity.java.nano.WebSocketChatApplicationTest]: WebSocketChatApplicationTest does not declare any static, non-private, non-final, nested classes annotated with @Configuration.
Sep 06, 2019 9:26:44 PM org.springframework.boot.test.context.SpringBootTestContextBootstrapper getOrFindConfigurationClasses
INFO: Found @SpringBootConfiguration edu.udacity.java.nano.WebSocketChatApplication for test class edu.udacity.java.nano.WebSocketChatApplicationTest
Sep 06, 2019 9:26:44 PM org.springframework.boot.test.context.SpringBootTestContextBootstrapper getDefaultTestExecutionListenerClassNames
INFO: Loaded default TestExecutionListener class names from location [META-INF/spring.factories]: [org.springframework.boot.test.mock.mockito.MockitoTestExecutionListener, org.springframework.boot.test.mock.mockito.ResetMocksTestExecutionListener, org.springframework.boot.test.autoconfigure.restdocs.RestDocsTestExecutionListener, org.springframework.boot.test.autoconfigure.web.client.MockRestServiceServerResetTestExecutionListener, org.springframework.boot.test.autoconfigure.web.servlet.MockMvcPrintOnlyOnFailureTestExecutionListener, org.springframework.boot.test.autoconfigure.web.servlet.WebDriverTestExecutionListener, org.springframework.test.context.web.ServletTestExecutionListener, org.springframework.test.context.support.DirtiesContextBeforeModesTestExecutionListener, org.springframework.test.context.support.DependencyInjectionTestExecutionListener, org.springframework.test.context.support.DirtiesContextTestExecutionListener, org.springframework.test.context.transaction.TransactionalTestExecutionListener, org.springframework.test.context.jdbc.SqlScriptsTestExecutionListener]
Sep 06, 2019 9:26:44 PM org.springframework.boot.test.context.SpringBootTestContextBootstrapper getTestExecutionListeners
INFO: Using TestExecutionListeners: [org.springframework.test.context.web.ServletTestExecutionListener@59309333, org.springframework.test.context.support.DirtiesContextBeforeModesTestExecutionListener@5876a9af, org.springframework.boot.test.mock.mockito.MockitoTestExecutionListener@7ec7ffd3, org.springframework.boot.test.autoconfigure.SpringBootDependencyInjectionTestExecutionListener@5b239d7d, org.springframework.test.context.support.DirtiesContextTestExecutionListener@6572421, org.springframework.boot.test.mock.mockito.ResetMocksTestExecutionListener@6b81ce95, org.springframework.boot.test.autoconfigure.restdocs.RestDocsTestExecutionListener@2a798d51, org.springframework.boot.test.autoconfigure.web.client.MockRestServiceServerResetTestExecutionListener@6d763516, org.springframework.boot.test.autoconfigure.web.servlet.MockMvcPrintOnlyOnFailureTestExecutionListener@52bf72b5, org.springframework.boot.test.autoconfigure.web.servlet.WebDriverTestExecutionListener@37afeb11]
Starting ChromeDriver 77.0.3865.40 (f484704e052e0b556f8030b65b953dce96503217-refs/branch-heads/3865@{#442}) on port 40387
Only local connections are allowed.
Please protect ports used by ChromeDriver and related test frameworks to prevent access by malicious code.
]]></system-err>
  </testcase>
  <testcase name="testLogin" classname="edu.udacity.java.nano.WebSocketChatApplicationTest" time="4.809">
    <error message="session not created: This version of ChromeDriver only supports Chrome version 77&#10;Build info: version: &apos;3.9.1&apos;, revision: &apos;63f7b50&apos;, time: &apos;2018-02-07T22:25:02.294Z&apos;&#10;System info: host: &apos;NISHANTY&apos;, ip: &apos;192.168.2.8&apos;, os.name: &apos;Windows 8.1&apos;, os.arch: &apos;amd64&apos;, os.version: &apos;6.3&apos;, java.version: &apos;1.8.0_181&apos;&#10;Driver info: driver.version: ChromeDriver&#10;remote stacktrace: Backtrace:&#10;	Ordinal0 [0x003DEB13+1501971]&#10;	Ordinal0 [0x0035F6D1+980689]&#10;	Ordinal0 [0x002E765F+489055]&#10;	Ordinal0 [0x0027F2F4+62196]&#10;	Ordinal0 [0x0027BCDA+48346]&#10;	Ordinal0 [0x00299800+169984]&#10;	Ordinal0 [0x0029942D+169005]&#10;	Ordinal0 [0x002978EB+162027]&#10;	Ordinal0 [0x00280AC7+68295]&#10;	Ordinal0 [0x00281B40+72512]&#10;	Ordinal0 [0x00281AD9+72409]&#10;	Ordinal0 [0x00378F37+1085239]&#10;	GetHandleVerifier [0x0047D7ED+503293]&#10;	GetHandleVerifier [0x0047D580+502672]&#10;	GetHandleVerifier [0x004846AC+531644]&#10;	GetHandleVerifier [0x0047DFFA+505354]&#10;	Ordinal0 [0x00370606+1050118]&#10;	Ordinal0 [0x0037047F+1049727]&#10;	Ordinal0 [0x0037AF9B+1093531]&#10;	Ordinal0 [0x0037B103+1093891]&#10;	Ordinal0 [0x0037A095+1089685]&#10;	BaseThreadInitThunk [0x750C7C04+36]&#10;	RtlInitializeExceptionChain [0x777AB54F+143]&#10;	RtlInitializeExceptionChain [0x777AB51A+90]&#10;" type="org.openqa.selenium.SessionNotCreatedException">org.openqa.selenium.SessionNotCreatedException: 
session not created: This version of ChromeDriver only supports Chrome version 77
Build info: version: '3.9.1', revision: '63f7b50', time: '2018-02-07T22:25:02.294Z'
System info: host: 'NISHANTY', ip: '192.168.2.8', os.name: 'Windows 8.1', os.arch: 'amd64', os.version: '6.3', java.version: '1.8.0_181'
Driver info: driver.version: ChromeDriver
remote stacktrace: Backtrace:
	Ordinal0 [0x003DEB13+1501971]
	Ordinal0 [0x0035F6D1+980689]
	Ordinal0 [0x002E765F+489055]
	Ordinal0 [0x0027F2F4+62196]
	Ordinal0 [0x0027BCDA+48346]
	Ordinal0 [0x00299800+169984]
	Ordinal0 [0x0029942D+169005]
	Ordinal0 [0x002978EB+162027]
	Ordinal0 [0x00280AC7+68295]
	Ordinal0 [0x00281B40+72512]
	Ordinal0 [0x00281AD9+72409]
	Ordinal0 [0x00378F37+1085239]
	GetHandleVerifier [0x0047D7ED+503293]
	GetHandleVerifier [0x0047D580+502672]
	GetHandleVerifier [0x004846AC+531644]
	GetHandleVerifier [0x0047DFFA+505354]
	Ordinal0 [0x00370606+1050118]
	Ordinal0 [0x0037047F+1049727]
	Ordinal0 [0x0037AF9B+1093531]
	Ordinal0 [0x0037B103+1093891]
	Ordinal0 [0x0037A095+1089685]
	BaseThreadInitThunk [0x750C7C04+36]
	RtlInitializeExceptionChain [0x777AB54F+143]
	RtlInitializeExceptionChain [0x777AB51A+90]

	at edu.udacity.java.nano.WebSocketChatApplicationTest.initialization(WebSocketChatApplicationTest.java:38)
</error>
    <system-err><![CDATA[Starting ChromeDriver 77.0.3865.40 (f484704e052e0b556f8030b65b953dce96503217-refs/branch-heads/3865@{#442}) on port 28059
Only local connections are allowed.
Please protect ports used by ChromeDriver and related test frameworks to prevent access by malicious code.
]]></system-err>
  </testcase>
  <testcase name="testChat" classname="edu.udacity.java.nano.WebSocketChatApplicationTest" time="4.595">
    <error message="session not created: This version of ChromeDriver only supports Chrome version 77&#10;Build info: version: &apos;3.9.1&apos;, revision: &apos;63f7b50&apos;, time: &apos;2018-02-07T22:25:02.294Z&apos;&#10;System info: host: &apos;NISHANTY&apos;, ip: &apos;192.168.2.8&apos;, os.name: &apos;Windows 8.1&apos;, os.arch: &apos;amd64&apos;, os.version: &apos;6.3&apos;, java.version: &apos;1.8.0_181&apos;&#10;Driver info: driver.version: ChromeDriver&#10;remote stacktrace: Backtrace:&#10;	Ordinal0 [0x003DEB13+1501971]&#10;	Ordinal0 [0x0035F6D1+980689]&#10;	Ordinal0 [0x002E765F+489055]&#10;	Ordinal0 [0x0027F2F4+62196]&#10;	Ordinal0 [0x0027BCDA+48346]&#10;	Ordinal0 [0x00299800+169984]&#10;	Ordinal0 [0x0029942D+169005]&#10;	Ordinal0 [0x002978EB+162027]&#10;	Ordinal0 [0x00280AC7+68295]&#10;	Ordinal0 [0x00281B40+72512]&#10;	Ordinal0 [0x00281AD9+72409]&#10;	Ordinal0 [0x00378F37+1085239]&#10;	GetHandleVerifier [0x0047D7ED+503293]&#10;	GetHandleVerifier [0x0047D580+502672]&#10;	GetHandleVerifier [0x004846AC+531644]&#10;	GetHandleVerifier [0x0047DFFA+505354]&#10;	Ordinal0 [0x00370606+1050118]&#10;	Ordinal0 [0x0037047F+1049727]&#10;	Ordinal0 [0x0037AF9B+1093531]&#10;	Ordinal0 [0x0037B103+1093891]&#10;	Ordinal0 [0x0037A095+1089685]&#10;	BaseThreadInitThunk [0x750C7C04+36]&#10;	RtlInitializeExceptionChain [0x777AB54F+143]&#10;	RtlInitializeExceptionChain [0x777AB51A+90]&#10;" type="org.openqa.selenium.SessionNotCreatedException">org.openqa.selenium.SessionNotCreatedException: 
session not created: This version of ChromeDriver only supports Chrome version 77
Build info: version: '3.9.1', revision: '63f7b50', time: '2018-02-07T22:25:02.294Z'
System info: host: 'NISHANTY', ip: '192.168.2.8', os.name: 'Windows 8.1', os.arch: 'amd64', os.version: '6.3', java.version: '1.8.0_181'
Driver info: driver.version: ChromeDriver
remote stacktrace: Backtrace:
	Ordinal0 [0x003DEB13+1501971]
	Ordinal0 [0x0035F6D1+980689]
	Ordinal0 [0x002E765F+489055]
	Ordinal0 [0x0027F2F4+62196]
	Ordinal0 [0x0027BCDA+48346]
	Ordinal0 [0x00299800+169984]
	Ordinal0 [0x0029942D+169005]
	Ordinal0 [0x002978EB+162027]
	Ordinal0 [0x00280AC7+68295]
	Ordinal0 [0x00281B40+72512]
	Ordinal0 [0x00281AD9+72409]
	Ordinal0 [0x00378F37+1085239]
	GetHandleVerifier [0x0047D7ED+503293]
	GetHandleVerifier [0x0047D580+502672]
	GetHandleVerifier [0x004846AC+531644]
	GetHandleVerifier [0x0047DFFA+505354]
	Ordinal0 [0x00370606+1050118]
	Ordinal0 [0x0037047F+1049727]
	Ordinal0 [0x0037AF9B+1093531]
	Ordinal0 [0x0037B103+1093891]
	Ordinal0 [0x0037A095+1089685]
	BaseThreadInitThunk [0x750C7C04+36]
	RtlInitializeExceptionChain [0x777AB54F+143]
	RtlInitializeExceptionChain [0x777AB51A+90]

	at edu.udacity.java.nano.WebSocketChatApplicationTest.initialization(WebSocketChatApplicationTest.java:38)
</error>
    <system-err><![CDATA[Starting ChromeDriver 77.0.3865.40 (f484704e052e0b556f8030b65b953dce96503217-refs/branch-heads/3865@{#442}) on port 28191
Only local connections are allowed.
Please protect ports used by ChromeDriver and related test frameworks to prevent access by malicious code.
]]></system-err>
  </testcase>
  <testcase name="testJoin" classname="edu.udacity.java.nano.WebSocketChatApplicationTest" time="2.928">
    <error message="session not created: This version of ChromeDriver only supports Chrome version 77&#10;Build info: version: &apos;3.9.1&apos;, revision: &apos;63f7b50&apos;, time: &apos;2018-02-07T22:25:02.294Z&apos;&#10;System info: host: &apos;NISHANTY&apos;, ip: &apos;192.168.2.8&apos;, os.name: &apos;Windows 8.1&apos;, os.arch: &apos;amd64&apos;, os.version: &apos;6.3&apos;, java.version: &apos;1.8.0_181&apos;&#10;Driver info: driver.version: ChromeDriver&#10;remote stacktrace: Backtrace:&#10;	Ordinal0 [0x003DEB13+1501971]&#10;	Ordinal0 [0x0035F6D1+980689]&#10;	Ordinal0 [0x002E765F+489055]&#10;	Ordinal0 [0x0027F2F4+62196]&#10;	Ordinal0 [0x0027BCDA+48346]&#10;	Ordinal0 [0x00299800+169984]&#10;	Ordinal0 [0x0029942D+169005]&#10;	Ordinal0 [0x002978EB+162027]&#10;	Ordinal0 [0x00280AC7+68295]&#10;	Ordinal0 [0x00281B40+72512]&#10;	Ordinal0 [0x00281AD9+72409]&#10;	Ordinal0 [0x00378F37+1085239]&#10;	GetHandleVerifier [0x0047D7ED+503293]&#10;	GetHandleVerifier [0x0047D580+502672]&#10;	GetHandleVerifier [0x004846AC+531644]&#10;	GetHandleVerifier [0x0047DFFA+505354]&#10;	Ordinal0 [0x00370606+1050118]&#10;	Ordinal0 [0x0037047F+1049727]&#10;	Ordinal0 [0x0037AF9B+1093531]&#10;	Ordinal0 [0x0037B103+1093891]&#10;	Ordinal0 [0x0037A095+1089685]&#10;	BaseThreadInitThunk [0x750C7C04+36]&#10;	RtlInitializeExceptionChain [0x777AB54F+143]&#10;	RtlInitializeExceptionChain [0x777AB51A+90]&#10;" type="org.openqa.selenium.SessionNotCreatedException">org.openqa.selenium.SessionNotCreatedException: 
session not created: This version of ChromeDriver only supports Chrome version 77
Build info: version: '3.9.1', revision: '63f7b50', time: '2018-02-07T22:25:02.294Z'
System info: host: 'NISHANTY', ip: '192.168.2.8', os.name: 'Windows 8.1', os.arch: 'amd64', os.version: '6.3', java.version: '1.8.0_181'
Driver info: driver.version: ChromeDriver
remote stacktrace: Backtrace:
	Ordinal0 [0x003DEB13+1501971]
	Ordinal0 [0x0035F6D1+980689]
	Ordinal0 [0x002E765F+489055]
	Ordinal0 [0x0027F2F4+62196]
	Ordinal0 [0x0027BCDA+48346]
	Ordinal0 [0x00299800+169984]
	Ordinal0 [0x0029942D+169005]
	Ordinal0 [0x002978EB+162027]
	Ordinal0 [0x00280AC7+68295]
	Ordinal0 [0x00281B40+72512]
	Ordinal0 [0x00281AD9+72409]
	Ordinal0 [0x00378F37+1085239]
	GetHandleVerifier [0x0047D7ED+503293]
	GetHandleVerifier [0x0047D580+502672]
	GetHandleVerifier [0x004846AC+531644]
	GetHandleVerifier [0x0047DFFA+505354]
	Ordinal0 [0x00370606+1050118]
	Ordinal0 [0x0037047F+1049727]
	Ordinal0 [0x0037AF9B+1093531]
	Ordinal0 [0x0037B103+1093891]
	Ordinal0 [0x0037A095+1089685]
	BaseThreadInitThunk [0x750C7C04+36]
	RtlInitializeExceptionChain [0x777AB54F+143]
	RtlInitializeExceptionChain [0x777AB51A+90]

	at edu.udacity.java.nano.WebSocketChatApplicationTest.initialization(WebSocketChatApplicationTest.java:38)
</error>
    <system-err><![CDATA[Starting ChromeDriver 77.0.3865.40 (f484704e052e0b556f8030b65b953dce96503217-refs/branch-heads/3865@{#442}) on port 12178
Only local connections are allowed.
Please protect ports used by ChromeDriver and related test frameworks to prevent access by malicious code.
]]></system-err>
  </testcase>
</testsuite>